<?xml version="1.0" encoding="UTF-8"?>
<!-- Generated by org.testng.reporters.JUnitReportReporter -->
<testsuite hostname="MX-IT01120" name="tests.StarbucksTest" tests="1" failures="0" timestamp="28 Mar 2018 21:36:45 GMT" time="5.903" errors="0">
  <testcase name="testMenuCoffe" time="5.903" classname="tests.StarbucksTest"/>
</testsuite> <!-- tests.StarbucksTest -->
