<?xml version="1.0" encoding="UTF-8"?>
<!-- Generated by org.testng.reporters.JUnitReportReporter -->
<testsuite hostname="MX-IT01120" name="com.automation.training.StarbucksTest" tests="5" failures="0" timestamp="28 Mar 2018 23:54:03 GMT" time="35.165" errors="0">
  <testcase name="testGiftCard" time="9.380" classname="com.automation.training.StarbucksTest"/>
  <testcase name="testMenuCoffe" time="3.725" classname="com.automation.training.StarbucksTest"/>
  <testcase name="testGiftCard" time="12.884" classname="com.automation.training.StarbucksTest"/>
  <testcase name="testMenuCoffe" time="8.296" classname="com.automation.training.StarbucksTest"/>
  <testcase name="testTextNavsHome" time="0.880" classname="com.automation.training.StarbucksTest"/>
</testsuite> <!-- com.automation.training.StarbucksTest -->
