<?xml version="1.0" encoding="UTF-8"?>
<!-- Generated by org.testng.reporters.JUnitReportReporter -->
<testsuite hostname="MX-IT01120" name="com.automation.training.StarbucksTest" tests="5" failures="0" timestamp="11 Apr 2018 21:05:19 GMT" time="30.700" errors="0">
  <testcase name="testGiftCard" time="5.652" classname="com.automation.training.StarbucksTest"/>
  <testcase name="testGiftCard" time="11.974" classname="com.automation.training.StarbucksTest"/>
  <testcase name="testMenuCoffe" time="7.655" classname="com.automation.training.StarbucksTest"/>
  <testcase name="testTextNavsHome" time="1.399" classname="com.automation.training.StarbucksTest"/>
  <testcase name="testMenuCoffe" time="4.020" classname="com.automation.training.StarbucksTest"/>
</testsuite> <!-- com.automation.training.StarbucksTest -->
